<?xml version="1.0" encoding="UTF-8"?>
<testsuite name="com.pichincha.customer.OptimusApplicationTests" tests="1" skipped="0" failures="0" errors="0" timestamp="2025-07-20T20:29:12.723Z" hostname="BUIO016470720UL" time="1.032">
  <properties/>
  <testcase name="contextLoads()" classname="com.pichincha.customer.OptimusApplicationTests" time="1.032"/>
  <system-out><![CDATA[15:29:05.699 [Test worker] INFO org.springframework.test.context.support.AnnotationConfigContextLoaderUtils -- Could not detect default configuration classes for test class [com.pichincha.customer.OptimusApplicationTests]: OptimusApplicationTests does not declare any static, non-private, non-final, nested classes annotated with @Configuration.
15:29:05.976 [Test worker] INFO org.springframework.boot.test.context.SpringBootTestContextBootstrapper -- Found @SpringBootConfiguration com.pichincha.customer.OptimusApplication for test class com.pichincha.customer.OptimusApplicationTests

  .   ____          _            __ _ _
 /\\ / ___'_ __ _ _(_)_ __  __ _ \ \ \ \
( ( )\___ | '_ | '_| | '_ \/ _` | \ \ \ \
 \\/  ___)| |_)| | | | | || (_| |  ) ) ) )
  '  |____| .__|_| |_|_| |_\__, | / / / /
 =========|_|==============|___/=/_/_/_/

 :: Spring Boot ::                (v3.5.3)

2025-07-20T15:29:07.129-05:00  INFO 9404 --- [customer-bp] [    Test worker] c.p.customer.OptimusApplicationTests     : Starting OptimusApplicationTests using Java 21.0.2 with PID 9404 (started by frvalare in C:\work\docs\gaps\spf-msa-bs-customer-fb)
2025-07-20T15:29:07.131-05:00  INFO 9404 --- [customer-bp] [    Test worker] c.p.customer.OptimusApplicationTests     : The following 1 profile is active: "development"
2025-07-20T15:29:08.445-05:00  INFO 9404 --- [customer-bp] [    Test worker] .s.d.r.c.RepositoryConfigurationDelegate : Multiple Spring Data modules found, entering strict repository configuration mode
2025-07-20T15:29:08.446-05:00  INFO 9404 --- [customer-bp] [    Test worker] .s.d.r.c.RepositoryConfigurationDelegate : Bootstrapping Spring Data R2DBC repositories in DEFAULT mode.
2025-07-20T15:29:08.661-05:00  INFO 9404 --- [customer-bp] [    Test worker] .s.d.r.c.RepositoryConfigurationDelegate : Finished Spring Data repository scanning in 202 ms. Found 1 R2DBC repository interface.
2025-07-20T15:29:11.433-05:00  INFO 9404 --- [customer-bp] [    Test worker] o.s.b.a.e.web.EndpointLinksResolver      : Exposing 1 endpoint beneath base path '/actuator'
2025-07-20T15:29:12.715-05:00  INFO 9404 --- [customer-bp] [    Test worker] c.p.customer.OptimusApplicationTests     : Started OptimusApplicationTests in 6.299 seconds (process running for 9.005)
]]></system-out>
  <system-err><![CDATA[Mockito is currently self-attaching to enable the inline-mock-maker. This will no longer work in future releases of the JDK. Please add Mockito as an agent to your build as described in Mockito's documentation: https://javadoc.io/doc/org.mockito/mockito-core/latest/org.mockito/org/mockito/Mockito.html#0.3
WARNING: A Java agent has been loaded dynamically (C:\Users\frvalare\.gradle\caches\modules-2\files-2.1\net.bytebuddy\byte-buddy-agent\1.17.6\17b32fd9f57deef02842f7f05abc4ad8127fe34e\byte-buddy-agent-1.17.6.jar)
WARNING: If a serviceability tool is in use, please run with -XX:+EnableDynamicAgentLoading to hide this warning
WARNING: If a serviceability tool is not in use, please run with -Djdk.instrument.traceUsage for more information
WARNING: Dynamic loading of agents will be disallowed by default in a future release
]]></system-err>
</testsuite>
